The	DT	det	0	O	O
UI	NNP	compound	0	O	O
Middleware	NNP	nsubj	0	O	O
shall	MD	aux	0	O	O
store	VB	root	1	O	O
a	DT	det	0	O	O
list	NN	obj	0	O	B
of	IN	case	0	O	I
all	DT	det	0	O	I
existing	VBG	amod	1	O	I
routes	NNS	nmod	0	O	I
and	CC	cc	0	O	I
routes	NNS	conj	0	O	E
shall	MD	aux	0	O	O
be	VB	aux:pass	1	O	O
displayed	VBN	acl:relcl	1	O	O
in	IN	case	0	O	O
the	DT	det	0	O	O
UI	NNP	compound	0	O	O
theware	NN	obl	0	O	O
.	.	punct	0	O	O
The	DT	det	0	O	O
list	NN	nsubj:pass	0	O	B
shall	MD	aux	0	O	O
be	VB	aux:pass	1	O	O
loaded	VBN	root	1	O	O
to	IN	case	0	O	O
a	DT	obl	0	O	O

The	DT	det	0	O	O
UI	NNP	compound	0	O	O
Middleware	NNP	nsubj	0	O	O
shall	MD	aux	0	O	O
store	VB	root	1	O	O
a	DT	det	0	O	O
list	NN	obj	0	O	B
of	IN	case	0	O	I
all	DT	det	0	O	I
existing	VBG	amod	1	O	I
routes	NNS	nmod	0	O	I
and	CC	cc	0	O	I
routes	NNS	conj	0	O	E
shall	MD	aux	0	O	O
be	VB	aux:pass	1	O	O
displayed	VBN	acl:relcl	1	O	O
in	IN	case	0	O	O
the	DT	det	0	O	O
UI	NNP	compound	0	O	O
theware	NN	obl	0	O	O
.	.	punct	0	O	O
The	DT	det	0	O	O
list	NN	nsubj:pass	0	O	O
shall	MD	aux	0	O	O
be	VB	aux:pass	1	O	O
loadedable	VBN	root	1	O	O
the	DT	xcomp	0	O	O

The	DT	det	0	O	O
UI	NNP	compound	0	O	O
Middleware	NNP	nsubj	0	O	O
shall	MD	aux	0	O	O
store	VB	root	1	O	O
a	DT	det	0	O	O
list	NN	obj	0	O	B
of	IN	case	0	O	I
all	DT	det	0	O	I
existing	VBG	amod	1	O	I
routes	NNS	nmod	0	O	I
and	CC	cc	0	O	I
routes	NNS	conj	0	O	E
shall	MD	aux	0	O	O
be	VB	aux:pass	1	O	O
displayed	VBN	acl:relcl	1	O	O
in	IN	case	0	O	O
the	DT	det	0	O	O
UI	NNP	compound	0	O	O
theware	NN	obl	0	O	O
.	.	punct	0	O	O
The	DT	det	0	O	O
list	NN	nsubj:pass	0	O	B
shall	MD	aux	0	O	O
be	VB	aux:pass	1	O	O
loaded	VBN	root	1	O	O
in	IN	case	0	O	O
the	DT	obl	0	O	O

The	DT	det	0	O	O
UI	NNP	compound	0	O	O
Middleware	NNP	nsubj	0	O	O
shall	MD	aux	0	O	O
store	VB	root	1	O	O
a	DT	det	0	O	O
list	NN	obj	0	O	B
of	IN	case	0	O	I
all	DT	det	0	O	I
existing	VBG	amod	1	O	I
routes	NNS	nmod	0	O	I
and	CC	cc	0	O	I
routes	NNS	conj	0	O	E
shall	MD	aux	0	O	O
be	VB	aux:pass	1	O	O
displayed	VBN	acl:relcl	1	O	O
in	IN	case	0	O	O
the	DT	det	0	O	O
UI	NNP	compound	0	O	O
theware	NN	obl	0	O	O
.	.	punct	0	O	O
The	DT	det	0	O	O
list	NN	nsubj:pass	0	O	O
shall	MD	aux	0	O	O
be	VB	aux:pass	1	O	O
loadedable	VBN	root	1	O	O
in	RB	advmod	0	O	O

The	DT	det	0	O	O
UI	NNP	compound	0	O	O
Middleware	NNP	nsubj	0	O	O
shall	MD	aux	0	O	O
store	VB	root	1	O	O
a	DT	det	0	O	O
list	NN	obj	0	O	B
of	IN	case	0	O	I
all	DT	det	0	O	I
existing	VBG	amod	1	O	I
routes	NNS	nmod	0	O	I
and	CC	cc	0	O	I
routes	NNS	conj	0	O	E
shall	MD	aux	0	O	O
be	VB	aux:pass	1	O	O
displayed	VBN	acl:relcl	1	O	O
in	IN	case	0	O	O
the	DT	det	0	O	O
UI	NNP	compound	0	O	O
theware	NN	obl	0	O	O
.	.	punct	0	O	O
The	DT	det	0	O	O
list	NN	nsubj:pass	0	O	B
shall	MD	aux	0	O	O
be	VB	aux:pass	1	O	O
loaded	VBN	root	1	O	O
in	IN	case	0	O	O
a	DT	obl	0	O	O

The	DT	det	0	O	O
UI	NNP	compound	0	O	O
Middleware	NNP	nsubj	0	O	O
shall	MD	aux	0	O	O
store	VB	root	1	O	O
a	DT	det	0	O	O
list	NN	obj	0	O	B
of	IN	case	0	O	I
all	DT	det	0	O	I
existing	VBG	amod	1	O	I
routes	NNS	nmod	0	O	I
and	CC	cc	0	O	I
routes	NNS	conj	0	O	E
shall	MD	aux	0	O	O
be	VB	aux:pass	1	O	O
displayed	VBN	acl:relcl	1	O	O
in	IN	case	0	O	O
the	DT	det	0	O	O
UI	NN	obl	0	O	O
.	.	punct	0	O	O
Middleware	NNP	root	0	O	O

The	DT	det	0	O	O
UI	NNP	compound	0	O	O
Middleware	NNP	nsubj	0	O	O
shall	MD	aux	0	O	O
store	VB	root	1	O	O
a	DT	det	0	O	O
list	NN	obj	0	O	B
of	IN	case	0	O	I
all	DT	det	0	O	I
existing	VBG	amod	1	O	I
routes	NNS	nmod	0	O	I
and	CC	cc	0	O	I
routes	NNS	conj	0	O	E
shall	MD	aux	0	O	O
be	VB	aux:pass	1	O	O
displayed	VBN	acl:relcl	1	O	O
in	IN	case	0	O	O
the	DT	det	0	O	O
UI	NN	obl	0	O	O
theware	.	punct	0	O	O

The	DT	det	0	O	O
UI	NNP	compound	0	O	O
Middleware	NNP	nsubj	0	O	O
shall	MD	aux	0	O	O
store	VB	root	1	O	O
a	DT	det	0	O	O
list	NN	obj	0	O	B
of	IN	case	0	O	I
all	DT	det	0	O	I
existing	VBG	amod	1	O	I
routes	NNS	nmod	0	O	I
and	CC	cc	0	O	I
routes	NNS	conj	0	O	E
shall	MD	aux	0	O	O
be	VB	aux:pass	1	O	O
displayed	VBN	acl:relcl	1	O	O
in	IN	case	0	O	O
the	DT	det	0	O	O
UI	NN	obl	0	O	O
theware	.	punct	0	O	O

The	DT	det	0	O	O
UI	NNP	compound	0	O	O
Middleware	NNP	nsubj	0	O	O
shall	MD	aux	0	O	O
store	VB	root	1	O	O
a	DT	det	0	O	O
list	NN	obj	0	O	B
of	IN	case	0	O	I
all	DT	det	0	O	I
existing	VBG	amod	1	O	I
routes	NNS	nmod	0	O	I
and	CC	cc	0	O	I
routes	NNS	conj	0	O	E
shall	MD	aux	0	O	O
be	VB	aux:pass	1	O	O
displayed	VBN	acl:relcl	1	O	O
in	IN	case	0	O	O
the	DT	det	0	O	O
UI	NN	obl	0	O	O
.	.	punct	0	O	O
ware	NNP	dep	0	O	O

The	DT	det	0	O	O
UI	NNP	compound	0	O	O
Middleware	NNP	nsubj	0	O	O
shall	MD	aux	0	O	O
store	VB	root	1	O	O
a	DT	det	0	O	O
list	NN	obj	0	O	B
of	IN	case	0	O	I
all	DT	det	0	O	I
existing	VBG	amod	1	O	I
routes	NNS	nmod	0	O	I
and	CC	cc	0	O	I
routes	NNS	conj	0	O	E
shall	MD	aux	0	O	O
be	VB	aux:pass	1	O	O
displayed	VBN	acl:relcl	1	O	O
in	IN	case	0	O	O
the	DT	det	0	O	O
UI	NN	obl	0	O	O
.	.	punct	0	O	O
ware	NNP	dep	0	O	O

The	DT	det	0	O	O
UI	NNP	compound	0	O	O
Middleware	NNP	nsubj	0	O	O
shall	MD	aux	0	O	O
provide	VB	root	1	O	O
a	DT	det	0	O	O
list	NN	obj	0	O	O
of	IN	case	0	O	O
all	DT	det	0	O	O
existing	VBG	amod	1	O	B
routes	NNS	nmod	0	O	E
shall	MD	aux	0	O	O
be	VB	aux:pass	1	O	O
displayed	VBN	acl	1	O	O
in	IN	case	0	O	O
the	DT	det	0	O	O
UI	NN	obl	0	O	O
.	.	punct	0	O	O
ware	NNP	parataxis	0	O	O

The	DT	det	0	O	O
UI	NNP	compound	0	O	O
Middleware	NNP	nsubj	0	O	O
shall	MD	aux	0	O	O
store	VB	root	1	O	O
a	DT	det	0	O	O
list	NN	obj	0	O	B
of	IN	case	0	O	I
all	DT	det	0	O	I
existing	VBG	amod	1	O	I
routes	NNS	nmod	0	O	I
and	CC	cc	0	O	I
routes	NNS	conj	0	O	E
shall	MD	aux	0	O	O
be	VB	aux:pass	1	O	O
displayed	VBN	acl:relcl	1	O	O
in	IN	case	0	O	O
the	DT	det	0	O	O
UI	NN	obl	0	O	O

The	DT	det	0	O	O
UI	NNP	compound	0	O	O
Middleware	NNP	nsubj	0	O	O
shall	MD	aux	0	O	O
store	VB	root	1	O	O
a	DT	det	0	O	O
list	NN	obj	0	O	B
of	IN	case	0	O	I
all	DT	det	0	O	I
existing	VBG	amod	1	O	I
routes	NNS	nmod	0	O	I
and	CC	cc	0	O	I
routes	NNS	conj	0	O	E
shall	MD	aux	0	O	O
be	VB	aux:pass	1	O	O
displayed	VBN	acl:relcl	1	O	O
in	IN	case	0	O	O
the	DT	det	0	O	O
list	NN	obl	0	O	O

The	DT	det	0	O	O
UI	NNP	compound	0	O	O
Middleware	NNP	nsubj	0	O	O
shall	MD	aux	0	O	O
store	VB	root	1	O	O
a	DT	det	0	O	O
list	NN	obj	0	O	B
of	IN	case	0	O	I
all	DT	det	0	O	I
existing	VBG	amod	1	O	I
routes	NNS	nmod	0	O	I
and	CC	cc	0	O	I
routes	NNS	conj	0	O	E
shall	MD	aux	0	O	O
be	VB	aux:pass	1	O	O
displayed	VBN	acl:relcl	1	O	O
in	IN	case	0	O	O
the	DT	det	0	O	O
UI	NN	obl	0	O	O

The	DT	det	0	O	O
UI	NNP	compound	0	O	O
Middleware	NNP	nsubj	0	O	O
shall	MD	aux	0	O	O
provide	VB	root	1	O	O
a	DT	det	0	O	O
list	NN	obj	0	O	O
of	IN	case	0	O	O
all	DT	det	0	O	O
existing	VBG	amod	1	O	B
routes	NNS	nmod	0	O	E
shall	MD	aux	0	O	O
be	VB	aux:pass	1	O	O
displayed	VBN	acl	1	O	O
in	IN	case	0	O	O
the	DT	det	0	O	O
UI	NN	obl	0	O	O

The	DT	det	0	O	O
UI	NNP	compound	0	O	O
Middleware	NNP	nsubj	0	O	O
shall	MD	aux	0	O	O
provide	VB	root	1	O	O
a	DT	det	0	O	O
list	NN	obj	0	O	O
of	IN	case	0	O	O
all	DT	det	0	O	O
existing	VBG	amod	1	O	B
routes	NNS	nmod	0	O	E
shall	MD	aux	0	O	O
be	VB	aux:pass	1	O	O
displayed	VBN	acl	1	O	O
in	IN	case	0	O	O
the	DT	det	0	O	O
UI	NN	obl	0	O	O

The	DT	det	0	O	O
UI	NNP	compound	0	O	O
Middleware	NNP	nsubj	0	O	O
shall	MD	aux	0	O	O
store	VB	root	1	O	O
a	DT	det	0	O	O
list	NN	obj	0	O	B
of	IN	case	0	O	I
all	DT	det	0	O	I
existing	VBG	amod	1	O	I
routes	NNS	nmod	0	O	I
and	CC	cc	0	O	I
routes	NNS	conj	0	O	E
shall	MD	aux	0	O	O
be	VB	aux:pass	1	O	O
displayed	VBN	acl:relcl	1	O	O

The	DT	det	0	O	O
UI	NNP	compound	0	O	O
Middleware	NNP	nsubj	0	O	O
shall	MD	aux	0	O	O
provide	VB	root	1	O	O
a	DT	det	0	O	O
list	NN	obj	0	O	O
of	IN	case	0	O	O
all	DT	det	0	O	O
existing	VBG	amod	1	O	B
routes	NNS	nmod	0	O	E
shall	MD	aux	0	O	O
be	VB	aux:pass	1	O	O
displayed	VBN	acl	1	O	O

The	DT	det	0	O	O
UI	NNP	compound	0	O	O
Middleware	NNP	nsubj	0	O	O
shall	MD	aux	0	O	O
provide	VB	root	1	O	O
a	DT	det	0	O	O
list	NN	obj	0	O	O
of	IN	case	0	O	O
all	DT	det	0	O	O
existing	VBG	amod	1	O	B
routes	NNS	nmod	0	O	E
shall	MD	aux	0	O	O
be	VB	aux:pass	1	O	O
displayed	VBN	acl	1	O	O

