The	DT	det	0	0
UI	NNP	compound	0	0
Middleware	NNP	nsubj	0	0
shall	MD	aux	0	0
store	VB	root	1	1
a	DT	det	0	0
list	NN	obj	0	0
of	IN	case	0	0
all	DT	det	0	0
existing	VBG	amod	1	0
routes	NNS	nmod	0	0
and	CC	cc	0	0
routes	NNS	conj	0	0
shall	MD	aux	0	0
be	VB	aux:pass	1	0
displayed	VBN	acl:relcl	1	0
in	IN	case	0	0
the	DT	det	0	0
UI	NNP	compound	0	0
theware	NN	obl	0	0
.	.	punct	0	0
The	DT	det	0	0
list	NN	nsubj:pass	0	0
shall	MD	aux	0	0
be	VB	aux:pass	1	0
loaded	VBN	root	1	1
to	IN	case	0	0
a	DT	obl	0	0

The	DT	det	0	0
UI	NNP	compound	0	0
Middleware	NNP	nsubj	0	0
shall	MD	aux	0	0
store	VB	root	1	1
a	DT	det	0	0
list	NN	obj	0	0
of	IN	case	0	0
all	DT	det	0	0
existing	VBG	amod	1	0
routes	NNS	nmod	0	0
and	CC	cc	0	0
routes	NNS	conj	0	0
shall	MD	aux	0	0
be	VB	aux:pass	1	0
displayed	VBN	acl:relcl	1	0
in	IN	case	0	0
the	DT	det	0	0
UI	NNP	compound	0	0
theware	NN	obl	0	0
.	.	punct	0	0
The	DT	det	0	0
list	NN	nsubj:pass	0	0
shall	MD	aux	0	0
be	VB	aux:pass	1	0
loadedable	VBN	root	1	1
the	DT	xcomp	0	0

The	DT	det	0	0
UI	NNP	compound	0	0
Middleware	NNP	nsubj	0	0
shall	MD	aux	0	0
store	VB	root	1	1
a	DT	det	0	0
list	NN	obj	0	0
of	IN	case	0	0
all	DT	det	0	0
existing	VBG	amod	1	0
routes	NNS	nmod	0	0
and	CC	cc	0	0
routes	NNS	conj	0	0
shall	MD	aux	0	0
be	VB	aux:pass	1	0
displayed	VBN	acl:relcl	1	0
in	IN	case	0	0
the	DT	det	0	0
UI	NNP	compound	0	0
theware	NN	obl	0	0
.	.	punct	0	0
The	DT	det	0	0
list	NN	nsubj:pass	0	0
shall	MD	aux	0	0
be	VB	aux:pass	1	0
loaded	VBN	root	1	1
in	IN	case	0	0
the	DT	obl	0	0

The	DT	det	0	0
UI	NNP	compound	0	0
Middleware	NNP	nsubj	0	0
shall	MD	aux	0	0
store	VB	root	1	1
a	DT	det	0	0
list	NN	obj	0	0
of	IN	case	0	0
all	DT	det	0	0
existing	VBG	amod	1	0
routes	NNS	nmod	0	0
and	CC	cc	0	0
routes	NNS	conj	0	0
shall	MD	aux	0	0
be	VB	aux:pass	1	0
displayed	VBN	acl:relcl	1	0
in	IN	case	0	0
the	DT	det	0	0
UI	NNP	compound	0	0
theware	NN	obl	0	0
.	.	punct	0	0
The	DT	det	0	0
list	NN	nsubj:pass	0	0
shall	MD	aux	0	0
be	VB	aux:pass	1	0
loadedable	VBN	root	1	1
in	RB	advmod	0	0

The	DT	det	0	0
UI	NNP	compound	0	0
Middleware	NNP	nsubj	0	0
shall	MD	aux	0	0
store	VB	root	1	1
a	DT	det	0	0
list	NN	obj	0	0
of	IN	case	0	0
all	DT	det	0	0
existing	VBG	amod	1	0
routes	NNS	nmod	0	0
and	CC	cc	0	0
routes	NNS	conj	0	0
shall	MD	aux	0	0
be	VB	aux:pass	1	0
displayed	VBN	acl:relcl	1	0
in	IN	case	0	0
the	DT	det	0	0
UI	NNP	compound	0	0
theware	NN	obl	0	0
.	.	punct	0	0
The	DT	det	0	0
list	NN	nsubj:pass	0	0
shall	MD	aux	0	0
be	VB	aux:pass	1	0
loaded	VBN	root	1	1
in	IN	case	0	0
a	DT	obl	0	0

The	DT	det	0	0
UI	NNP	compound	0	0
Middleware	NNP	nsubj	0	0
shall	MD	aux	0	0
store	VB	root	1	1
a	DT	det	0	0
list	NN	obj	0	0
of	IN	case	0	0
all	DT	det	0	0
existing	VBG	amod	1	0
routes	NNS	nmod	0	0
and	CC	cc	0	0
routes	NNS	conj	0	0
shall	MD	aux	0	0
be	VB	aux:pass	1	0
displayed	VBN	acl:relcl	1	0
in	IN	case	0	0
the	DT	det	0	0
UI	NN	obl	0	0
.	.	punct	0	0
Middleware	NNP	root	0	0

The	DT	det	0	0
UI	NNP	compound	0	0
Middleware	NNP	nsubj	0	0
shall	MD	aux	0	0
store	VB	root	1	1
a	DT	det	0	0
list	NN	obj	0	0
of	IN	case	0	0
all	DT	det	0	0
existing	VBG	amod	1	0
routes	NNS	nmod	0	0
and	CC	cc	0	0
routes	NNS	conj	0	0
shall	MD	aux	0	0
be	VB	aux:pass	1	0
displayed	VBN	acl:relcl	1	0
in	IN	case	0	0
the	DT	det	0	0
UI	NN	obl	0	0
theware	.	punct	0	0

The	DT	det	0	0
UI	NNP	compound	0	0
Middleware	NNP	nsubj	0	0
shall	MD	aux	0	0
store	VB	root	1	1
a	DT	det	0	0
list	NN	obj	0	0
of	IN	case	0	0
all	DT	det	0	0
existing	VBG	amod	1	0
routes	NNS	nmod	0	0
and	CC	cc	0	0
routes	NNS	conj	0	0
shall	MD	aux	0	0
be	VB	aux:pass	1	0
displayed	VBN	acl:relcl	1	0
in	IN	case	0	0
the	DT	det	0	0
UI	NN	obl	0	0
theware	.	punct	0	0

The	DT	det	0	0
UI	NNP	compound	0	0
Middleware	NNP	nsubj	0	0
shall	MD	aux	0	0
store	VB	root	1	1
a	DT	det	0	0
list	NN	obj	0	0
of	IN	case	0	0
all	DT	det	0	0
existing	VBG	amod	1	0
routes	NNS	nmod	0	0
and	CC	cc	0	0
routes	NNS	conj	0	0
shall	MD	aux	0	0
be	VB	aux:pass	1	0
displayed	VBN	acl:relcl	1	0
in	IN	case	0	0
the	DT	det	0	0
UI	NN	obl	0	0
.	.	punct	0	0
ware	NNP	dep	0	0

The	DT	det	0	0
UI	NNP	compound	0	0
Middleware	NNP	nsubj	0	0
shall	MD	aux	0	0
store	VB	root	1	1
a	DT	det	0	0
list	NN	obj	0	0
of	IN	case	0	0
all	DT	det	0	0
existing	VBG	amod	1	0
routes	NNS	nmod	0	0
and	CC	cc	0	0
routes	NNS	conj	0	0
shall	MD	aux	0	0
be	VB	aux:pass	1	0
displayed	VBN	acl:relcl	1	0
in	IN	case	0	0
the	DT	det	0	0
UI	NN	obl	0	0
.	.	punct	0	0
ware	NNP	dep	0	0

The	DT	det	0	0
UI	NNP	compound	0	0
Middleware	NNP	nsubj	0	0
shall	MD	aux	0	0
provide	VB	root	1	1
a	DT	det	0	0
list	NN	obj	0	0
of	IN	case	0	0
all	DT	det	0	0
existing	VBG	amod	1	0
routes	NNS	nmod	0	0
shall	MD	aux	0	0
be	VB	aux:pass	1	0
displayed	VBN	acl	1	1
in	IN	case	0	0
the	DT	det	0	0
UI	NN	obl	0	0
.	.	punct	0	0
ware	NNP	parataxis	0	0

The	DT	det	0	0
UI	NNP	compound	0	0
Middleware	NNP	nsubj	0	0
shall	MD	aux	0	0
store	VB	root	1	1
a	DT	det	0	0
list	NN	obj	0	0
of	IN	case	0	0
all	DT	det	0	0
existing	VBG	amod	1	0
routes	NNS	nmod	0	0
and	CC	cc	0	0
routes	NNS	conj	0	0
shall	MD	aux	0	0
be	VB	aux:pass	1	0
displayed	VBN	acl:relcl	1	0
in	IN	case	0	0
the	DT	det	0	0
UI	NN	obl	0	0

The	DT	det	0	0
UI	NNP	compound	0	0
Middleware	NNP	nsubj	0	0
shall	MD	aux	0	0
store	VB	root	1	1
a	DT	det	0	0
list	NN	obj	0	0
of	IN	case	0	0
all	DT	det	0	0
existing	VBG	amod	1	0
routes	NNS	nmod	0	0
and	CC	cc	0	0
routes	NNS	conj	0	0
shall	MD	aux	0	0
be	VB	aux:pass	1	0
displayed	VBN	acl:relcl	1	0
in	IN	case	0	0
the	DT	det	0	0
list	NN	obl	0	0

The	DT	det	0	0
UI	NNP	compound	0	0
Middleware	NNP	nsubj	0	0
shall	MD	aux	0	0
store	VB	root	1	1
a	DT	det	0	0
list	NN	obj	0	0
of	IN	case	0	0
all	DT	det	0	0
existing	VBG	amod	1	0
routes	NNS	nmod	0	0
and	CC	cc	0	0
routes	NNS	conj	0	0
shall	MD	aux	0	0
be	VB	aux:pass	1	0
displayed	VBN	acl:relcl	1	0
in	IN	case	0	0
the	DT	det	0	0
UI	NN	obl	0	0

The	DT	det	0	0
UI	NNP	compound	0	0
Middleware	NNP	nsubj	0	0
shall	MD	aux	0	0
provide	VB	root	1	1
a	DT	det	0	0
list	NN	obj	0	0
of	IN	case	0	0
all	DT	det	0	0
existing	VBG	amod	1	0
routes	NNS	nmod	0	0
shall	MD	aux	0	0
be	VB	aux:pass	1	0
displayed	VBN	acl	1	1
in	IN	case	0	0
the	DT	det	0	0
UI	NN	obl	0	0

The	DT	det	0	0
UI	NNP	compound	0	0
Middleware	NNP	nsubj	0	0
shall	MD	aux	0	0
provide	VB	root	1	1
a	DT	det	0	0
list	NN	obj	0	0
of	IN	case	0	0
all	DT	det	0	0
existing	VBG	amod	1	0
routes	NNS	nmod	0	0
shall	MD	aux	0	0
be	VB	aux:pass	1	0
displayed	VBN	acl	1	1
in	IN	case	0	0
the	DT	det	0	0
UI	NN	obl	0	0

The	DT	det	0	0
UI	NNP	compound	0	0
Middleware	NNP	nsubj	0	0
shall	MD	aux	0	0
store	VB	root	1	1
a	DT	det	0	0
list	NN	obj	0	0
of	IN	case	0	0
all	DT	det	0	0
existing	VBG	amod	1	0
routes	NNS	nmod	0	0
and	CC	cc	0	0
routes	NNS	conj	0	0
shall	MD	aux	0	0
be	VB	aux:pass	1	0
displayed	VBN	acl:relcl	1	0

The	DT	det	0	0
UI	NNP	compound	0	0
Middleware	NNP	nsubj	0	0
shall	MD	aux	0	0
provide	VB	root	1	1
a	DT	det	0	0
list	NN	obj	0	0
of	IN	case	0	0
all	DT	det	0	0
existing	VBG	amod	1	0
routes	NNS	nmod	0	0
shall	MD	aux	0	0
be	VB	aux:pass	1	0
displayed	VBN	acl	1	0

The	DT	det	0	0
UI	NNP	compound	0	0
Middleware	NNP	nsubj	0	0
shall	MD	aux	0	0
provide	VB	root	1	1
a	DT	det	0	0
list	NN	obj	0	0
of	IN	case	0	0
all	DT	det	0	0
existing	VBG	amod	1	0
routes	NNS	nmod	0	0
shall	MD	aux	0	0
be	VB	aux:pass	1	0
displayed	VBN	acl	1	0

